<?xml version="1.0" encoding="UTF-8"?>
<testsuite name="mancala.MancalaGameTest" tests="9" skipped="0" failures="0" errors="0" timestamp="2023-11-20T04:15:32" hostname="CIS2430" time="0.154">
  <properties/>
  <testcase name="testGetNumStones()" classname="mancala.MancalaGameTest" time="0.02"/>
  <testcase name="testSetCurrentPlayer()" classname="mancala.MancalaGameTest" time="0.007"/>
  <testcase name="testGetStoreCount()" classname="mancala.MancalaGameTest" time="0.0"/>
  <testcase name="testMove()" classname="mancala.MancalaGameTest" time="0.011"/>
  <testcase name="testToString()" classname="mancala.MancalaGameTest" time="0.068"/>
  <testcase name="testSetAndGetBoard()" classname="mancala.MancalaGameTest" time="0.001"/>
  <testcase name="testIsGameOver()" classname="mancala.MancalaGameTest" time="0.001"/>
  <testcase name="testGetWinner()" classname="mancala.MancalaGameTest" time="0.003"/>
  <testcase name="testSetPlayers()" classname="mancala.MancalaGameTest" time="0.002"/>
  <system-out><![CDATA[1
HERE
2
HERE
3
HERE
4
HERE
]]></system-out>
  <system-err><![CDATA[]]></system-err>
</testsuite>
