<?xml version="1.0" encoding="UTF-8"?>
<testsuite name="mancala.MancalaGameTestTwo" tests="4" skipped="0" failures="0" errors="0" timestamp="2023-11-20T03:59:43" hostname="CIS2430" time="0.014">
  <properties/>
  <testcase name="testGetPlayers()" classname="mancala.MancalaGameTestTwo" time="0.001"/>
  <testcase name="testGetWinnerGameNotOver()" classname="mancala.MancalaGameTestTwo" time="0.001"/>
  <testcase name="testGetNumStonesInvalidPit()" classname="mancala.MancalaGameTestTwo" time="0.005"/>
  <testcase name="testGetStoreCountValidPlayer()" classname="mancala.MancalaGameTestTwo" time="0.001"/>
  <system-out><![CDATA[]]></system-out>
  <system-err><![CDATA[]]></system-err>
</testsuite>
