<?xml version="1.0" encoding="UTF-8"?>
<testsuite name="mancala.PlayerTest" tests="4" skipped="0" failures="0" errors="0" timestamp="2023-11-20T04:15:32" hostname="CIS2430" time="0.02">
  <properties/>
  <testcase name="testGetStore()" classname="mancala.PlayerTest" time="0.001"/>
  <testcase name="testGetName()" classname="mancala.PlayerTest" time="0.003"/>
  <testcase name="testSetName()" classname="mancala.PlayerTest" time="0.001"/>
  <testcase name="testSetStore()" classname="mancala.PlayerTest" time="0.001"/>
  <system-out><![CDATA[]]></system-out>
  <system-err><![CDATA[]]></system-err>
</testsuite>
