<?xml version="1.0" encoding="UTF-8"?>
<testsuite name="mancala.StoreTest" tests="4" skipped="0" failures="0" errors="0" timestamp="2023-11-20T03:59:43" hostname="CIS2430" time="0.012">
  <properties/>
  <testcase name="testEmptyStore()" classname="mancala.StoreTest" time="0.004"/>
  <testcase name="testAddStones()" classname="mancala.StoreTest" time="0.0"/>
  <testcase name="testGetTotalStones()" classname="mancala.StoreTest" time="0.001"/>
  <testcase name="testSetOwner()" classname="mancala.StoreTest" time="0.0"/>
  <system-out><![CDATA[]]></system-out>
  <system-err><![CDATA[]]></system-err>
</testsuite>
